<?xml version="1.0" encoding="UTF-8"?>
<!-- Generated by org.testng.reporters.JUnitXMLReporter -->
<testsuite hostname="Hp" ignored="0" name="FunctionalTesting" tests="3" failures="0" timestamp="02 Mar 2018 16:43:23 GMT" time="101.923" errors="0">
  <testcase name="SignUp" time="23.662" classname="com.qa.test.SignUpPage_Test"/>
  <testcase name="validate_login_title" time="0.084" classname="com.qa.test.Loginpage_Test"/>
  <testcase name="login" time="17.989" classname="com.qa.test.Loginpage_Test"/>
</testsuite> <!-- FunctionalTesting -->
